DEBUG:root:Thu Sep 28 17:11:28 2017 http://google.com
DEBUG:root:Thu Sep 28 17:13:40 2017 http://google.com
DEBUG:root:Thu Sep 28 17:20:04 2017 http://google.com
DEBUG:root:Thu Sep 28 17:21:48 2017 http://google.com
DEBUG:root:Thu Sep 28 17:22:12 2017 http://google.com
DEBUG:root:Thu Sep 28 17:22:40 2017 http://google.com
DEBUG:root:Thu Sep 28 17:25:01 2017 http://google.com
DEBUG:root:Thu Sep 28 17:25:01 2017 http://google.com
DEBUG:root:Thu Sep 28 17:25:23 2017 http://google.com
DEBUG:root:Thu Sep 28 17:25:23 2017 http://google.com
DEBUG:root:Fri Sep 29 14:17:24 2017 http://google.com
DEBUG:root:Fri Sep 29 14:17:24 2017 http://google.com
DEBUG:root:Fri Sep 29 14:17:29 2017 http://ibm.com
DEBUG:root:Fri Sep 29 14:38:52 2017 http://google.com
DEBUG:root:Fri Sep 29 14:38:52 2017 http://google.com
DEBUG:root:Fri Sep 29 14:38:54 2017 http://ibm.com
DEBUG:root:Fri Sep 29 14:39:03 2017 http://google.com
DEBUG:root:Fri Sep 29 14:39:04 2017 http://google.com
DEBUG:root:Fri Sep 29 14:39:05 2017 http://ibm.com
DEBUG:root:Fri Sep 29 14:39:43 2017 http://google.com
DEBUG:root:Fri Sep 29 14:39:43 2017 http://google.com
DEBUG:root:Fri Sep 29 14:39:46 2017 http://ibm.com
DEBUG:root:Fri Sep 29 14:42:03 2017 http://google.com
DEBUG:root:Fri Sep 29 14:42:03 2017 http://google.com
DEBUG:root:Fri Sep 29 14:42:06 2017 http://ibm.com
DEBUG:root:Fri Sep 29 14:43:17 2017 http://google.com
DEBUG:root:Fri Sep 29 14:43:17 2017 http://google.com
DEBUG:root:Fri Sep 29 14:43:19 2017 http://ibm.com
DEBUG:root:Fri Sep 29 14:43:37 2017 http://google.com
DEBUG:root:Fri Sep 29 14:43:37 2017 http://google.com
DEBUG:root:Fri Sep 29 14:43:39 2017 http://ibm.com
DEBUG:root:Fri Sep 29 14:45:16 2017 http://google.com
DEBUG:root:Fri Sep 29 14:45:17 2017 http://google.com
DEBUG:root:Fri Sep 29 14:45:19 2017 http://ibm.com
DEBUG:root:Fri Sep 29 14:45:57 2017 http://google.com
DEBUG:root:Fri Sep 29 14:45:58 2017 http://google.com
DEBUG:root:Fri Sep 29 14:46:00 2017 http://ibm.com
DEBUG:root:Fri Sep 29 14:46:27 2017 http://google.com
DEBUG:root:Fri Sep 29 14:46:28 2017 http://google.com
DEBUG:root:Fri Sep 29 14:46:29 2017 http://ibm.com
DEBUG:root:Fri Sep 29 14:48:49 2017 http://google.com
DEBUG:root:Fri Sep 29 14:48:49 2017 http://google.com
DEBUG:root:Fri Sep 29 14:48:51 2017 http://ibm.com
DEBUG:root:Fri Sep 29 14:50:17 2017 http://google.com
DEBUG:root:Fri Sep 29 14:50:17 2017 http://google.com
DEBUG:root:Fri Sep 29 14:50:21 2017 http://ibm.com
DEBUG:root:Fri Sep 29 14:51:57 2017 http://google.com
DEBUG:root:Fri Sep 29 14:51:58 2017 http://google.com
DEBUG:root:Fri Sep 29 14:51:59 2017 http://ibm.com
DEBUG:root:Fri Sep 29 14:56:21 2017 http://google.com
DEBUG:root:Fri Sep 29 14:56:21 2017 http://google.com
DEBUG:root:Fri Sep 29 14:56:23 2017 http://ibm.com
DEBUG:root:Fri Sep 29 14:57:14 2017 http://google.com
DEBUG:root:Fri Sep 29 14:57:14 2017 http://google.com
DEBUG:root:Fri Sep 29 14:57:15 2017 http://ibm.com
DEBUG:root:Fri Sep 29 14:58:56 2017 http://google.com
DEBUG:root:Fri Sep 29 14:58:57 2017 http://google.com
DEBUG:root:Fri Sep 29 14:58:58 2017 http://ibm.com
DEBUG:root:Fri Sep 29 15:00:09 2017 http://google.com
DEBUG:root:Fri Sep 29 15:00:09 2017 http://google.com
DEBUG:root:Fri Sep 29 15:00:13 2017 http://ibm.com
DEBUG:root:Fri Sep 29 15:00:35 2017 http://google.com
DEBUG:root:Fri Sep 29 15:00:36 2017 http://google.com
DEBUG:root:Fri Sep 29 15:00:39 2017 http://ibm.com
DEBUG:root:Fri Sep 29 15:00:47 2017 http://google.com
DEBUG:root:Fri Sep 29 15:00:47 2017 http://google.com
DEBUG:root:Fri Sep 29 15:00:48 2017 http://ibm.com
DEBUG:root:Fri Sep 29 15:01:04 2017 http://google.com
DEBUG:root:Fri Sep 29 15:01:04 2017 http://google.com
DEBUG:root:Fri Sep 29 15:01:07 2017 http://ibm.com
DEBUG:root:Fri Sep 29 15:02:41 2017 http://google.com
DEBUG:root:Fri Sep 29 15:02:41 2017 http://google.com
DEBUG:root:Fri Sep 29 15:02:44 2017 http://ibm.com
DEBUG:root:Fri Sep 29 15:03:13 2017 http://google.com
DEBUG:root:Fri Sep 29 15:03:13 2017 http://google.com
DEBUG:root:Fri Sep 29 15:03:17 2017 http://ibm.com
DEBUG:root:Fri Sep 29 15:04:09 2017 http://google.com
DEBUG:root:Fri Sep 29 15:04:09 2017 http://google.com
DEBUG:root:Fri Sep 29 15:04:12 2017 http://ibm.com
DEBUG:root:Fri Sep 29 15:05:15 2017 http://google.com
DEBUG:root:Fri Sep 29 15:05:15 2017 http://google.com
DEBUG:root:Fri Sep 29 15:05:18 2017 http://ibm.com
DEBUG:root:Fri Sep 29 15:06:05 2017 http://google.com
DEBUG:root:Fri Sep 29 15:06:06 2017 http://google.com
DEBUG:root:Fri Sep 29 15:06:08 2017 http://ibm.com
DEBUG:root:Fri Sep 29 15:08:02 2017 http://google.com
DEBUG:root:Fri Sep 29 15:08:02 2017 http://google.com
DEBUG:root:Fri Sep 29 15:08:04 2017 http://ibm.com
DEBUG:root:Fri Sep 29 15:09:04 2017 http://google.com
DEBUG:root:Fri Sep 29 15:09:05 2017 http://google.com
DEBUG:root:Fri Sep 29 15:09:07 2017 http://ibm.com
DEBUG:root:Fri Sep 29 15:09:40 2017 http://google.com
DEBUG:root:Fri Sep 29 15:09:41 2017 http://google.com
DEBUG:root:Fri Sep 29 15:09:42 2017 http://ibm.com
DEBUG:root:Fri Sep 29 15:11:22 2017 http://google.com
DEBUG:root:Fri Sep 29 15:11:22 2017 http://google.com
DEBUG:root:Fri Sep 29 15:11:24 2017 http://ibm.com
DEBUG:root:Fri Sep 29 15:11:33 2017 http://google.com
DEBUG:root:Fri Sep 29 15:11:52 2017 http://google.com
DEBUG:root:Fri Sep 29 15:11:53 2017 http://google.com
DEBUG:root:Fri Sep 29 15:11:54 2017 http://ibm.com
DEBUG:root:Fri Sep 29 15:12:07 2017 http://google.com
DEBUG:root:Fri Sep 29 15:12:09 2017 http://google.com
DEBUG:root:Fri Sep 29 15:14:06 2017 http://google.com
DEBUG:root:Fri Sep 29 15:14:07 2017 http://google.com
DEBUG:root:Fri Sep 29 15:14:08 2017 http://ibm.com
DEBUG:root:Fri Sep 29 15:14:51 2017 http://google.com
DEBUG:root:Fri Sep 29 15:14:51 2017 http://google.com
DEBUG:root:Fri Sep 29 15:14:55 2017 http://ibm.com
DEBUG:root:Fri Sep 29 15:15:08 2017 http://google.com
DEBUG:root:Fri Sep 29 15:15:08 2017 http://google.com
DEBUG:root:Fri Sep 29 15:15:12 2017 http://ibm.com
DEBUG:root:Fri Sep 29 15:16:10 2017 http://google.com
DEBUG:root:Fri Sep 29 15:16:10 2017 http://google.com
DEBUG:root:Fri Sep 29 15:16:12 2017 http://ibm.com
DEBUG:root:Fri Sep 29 15:19:18 2017 http://google.com
DEBUG:root:Fri Sep 29 15:19:18 2017 http://google.com
DEBUG:root:Fri Sep 29 15:19:20 2017 http://ibm.com
DEBUG:root:Fri Sep 29 15:19:41 2017 http://google.com
DEBUG:root:Fri Sep 29 15:19:41 2017 http://google.com
DEBUG:root:Fri Sep 29 15:19:43 2017 http://ibm.com
DEBUG:root:Fri Sep 29 15:20:50 2017 http://google.com
DEBUG:root:Fri Sep 29 15:20:50 2017 http://google.com
DEBUG:root:Fri Sep 29 15:20:52 2017 http://ibm.com
DEBUG:root:Fri Sep 29 15:21:19 2017 http://google.com
DEBUG:root:Fri Sep 29 15:21:19 2017 http://google.com
DEBUG:root:Fri Sep 29 15:21:22 2017 http://ibm.com
DEBUG:root:Fri Sep 29 15:22:13 2017 http://google.com
DEBUG:root:Fri Sep 29 15:22:13 2017 http://google.com
DEBUG:root:Fri Sep 29 15:22:14 2017 http://ibm.com
DEBUG:root:Fri Sep 29 15:22:43 2017 http://google.com
DEBUG:root:Fri Sep 29 15:22:43 2017 http://google.com
DEBUG:root:Fri Sep 29 15:22:45 2017 http://ibm.com
DEBUG:root:Fri Sep 29 15:23:08 2017 http://google.com
DEBUG:root:Fri Sep 29 15:23:08 2017 http://google.com
DEBUG:root:Fri Sep 29 15:23:09 2017 http://ibm.com
DEBUG:root:Fri Sep 29 15:26:25 2017 http://google.com
DEBUG:root:Fri Sep 29 15:26:25 2017 http://google.com
DEBUG:root:Fri Sep 29 15:26:30 2017 http://ibm.com
DEBUG:root:Fri Sep 29 15:28:51 2017 http://google.com
DEBUG:root:Fri Sep 29 15:28:52 2017 http://google.com
DEBUG:root:Fri Sep 29 15:28:53 2017 http://ibm.com
DEBUG:root:Fri Sep 29 15:30:30 2017 http://google.com
DEBUG:root:Fri Sep 29 15:30:31 2017 http://google.com
DEBUG:root:Fri Sep 29 15:30:32 2017 http://ibm.com
DEBUG:root:Fri Sep 29 15:31:34 2017 http://google.com
DEBUG:root:Fri Sep 29 15:31:34 2017 http://google.com
DEBUG:root:Fri Sep 29 15:31:36 2017 http://ibm.com
DEBUG:root:Fri Sep 29 15:32:22 2017 http://google.com
DEBUG:root:Fri Sep 29 15:32:22 2017 http://google.com
DEBUG:root:Fri Sep 29 15:32:24 2017 http://ibm.com
DEBUG:root:Fri Sep 29 15:34:37 2017 http://google.com
DEBUG:root:Fri Sep 29 15:34:37 2017 http://google.com
DEBUG:root:Fri Sep 29 15:34:39 2017 http://ibm.com
DEBUG:root:Fri Sep 29 15:36:35 2017 http://google.com
DEBUG:root:Fri Sep 29 15:36:35 2017 http://google.com
DEBUG:root:Fri Sep 29 15:36:37 2017 http://ibm.com
DEBUG:root:Fri Sep 29 15:37:47 2017 http://google.com
DEBUG:root:Fri Sep 29 15:37:47 2017 http://google.com
DEBUG:root:Fri Sep 29 15:37:49 2017 http://ibm.com
DEBUG:root:Fri Sep 29 15:40:12 2017 http://google.com
DEBUG:root:Fri Sep 29 15:40:12 2017 http://google.com
DEBUG:root:Fri Sep 29 15:40:14 2017 http://ibm.com
DEBUG:root:Fri Sep 29 15:42:44 2017 http://google.com
DEBUG:root:Fri Sep 29 15:42:44 2017 http://google.com
DEBUG:root:Fri Sep 29 15:42:45 2017 http://ibm.com
DEBUG:root:Fri Sep 29 15:43:10 2017 http://google.com
DEBUG:root:Fri Sep 29 15:43:11 2017 http://google.com
DEBUG:root:Fri Sep 29 15:43:12 2017 http://ibm.com
DEBUG:root:Fri Sep 29 15:51:28 2017 http://google.com
DEBUG:root:Fri Sep 29 15:51:29 2017 http://google.com
DEBUG:root:Fri Sep 29 15:51:33 2017 http://ibm.com
DEBUG:root:Fri Sep 29 15:52:21 2017 http://google.com
DEBUG:root:Fri Sep 29 15:52:21 2017 http://google.com
DEBUG:root:Fri Sep 29 15:52:23 2017 http://ibm.com
DEBUG:root:Fri Sep 29 15:52:39 2017 http://yandex.ru
DEBUG:root:Fri Sep 29 15:55:01 2017 http://google.com
DEBUG:root:Fri Sep 29 15:55:01 2017 http://google.com
DEBUG:root:Fri Sep 29 15:55:05 2017 http://ibm.com
DEBUG:root:Fri Sep 29 15:55:10 2017 http://google.com
DEBUG:root:Fri Sep 29 15:55:37 2017 http://google.com
DEBUG:root:Fri Sep 29 15:55:37 2017 http://google.com
DEBUG:root:Fri Sep 29 15:55:38 2017 http://ibm.com
DEBUG:root:Fri Sep 29 15:56:03 2017 http://google.com
DEBUG:root:Fri Sep 29 15:56:03 2017 http://google.com
DEBUG:root:Fri Sep 29 15:56:11 2017 http://ibm.com
DEBUG:root:Fri Sep 29 15:56:20 2017 http://google.com
DEBUG:root:Fri Sep 29 15:57:23 2017 http://google.com
DEBUG:root:Fri Sep 29 15:57:23 2017 http://google.com
DEBUG:root:Fri Sep 29 15:57:27 2017 http://ibm.com
DEBUG:root:Fri Sep 29 15:57:32 2017 http://google.com
DEBUG:root:Fri Sep 29 15:57:35 2017 http://google.com
DEBUG:root:Fri Sep 29 15:58:35 2017 http://google.com
DEBUG:root:Fri Sep 29 15:58:36 2017 http://google.com
DEBUG:root:Fri Sep 29 15:58:40 2017 http://ibm.com
DEBUG:root:Fri Sep 29 15:58:48 2017 http://google.com
DEBUG:root:Fri Sep 29 15:58:48 2017 http://google.com
DEBUG:root:Fri Sep 29 15:59:21 2017 http://google.com
DEBUG:root:Fri Sep 29 15:59:21 2017 http://google.com
DEBUG:root:Fri Sep 29 15:59:23 2017 http://ibm.com
DEBUG:root:Fri Sep 29 15:59:28 2017 http://google.com
DEBUG:root:Fri Sep 29 15:59:28 2017 http://google.com
DEBUG:root:Fri Sep 29 15:59:54 2017 http://google.com
DEBUG:root:Fri Sep 29 15:59:54 2017 http://google.com
DEBUG:root:Fri Sep 29 15:59:55 2017 http://ibm.com
DEBUG:root:Fri Sep 29 16:00:01 2017 http://google.com
DEBUG:root:Fri Sep 29 16:00:01 2017 http://google.com
DEBUG:root:Fri Sep 29 16:04:21 2017 http://google.com
DEBUG:root:Fri Sep 29 16:04:22 2017 http://google.com
DEBUG:root:Fri Sep 29 16:04:24 2017 http://ibm.com
DEBUG:root:Fri Sep 29 16:06:03 2017 http://google.com
DEBUG:root:Fri Sep 29 16:06:04 2017 http://google.com
DEBUG:root:Fri Sep 29 16:06:06 2017 http://ibm.com
DEBUG:root:Fri Sep 29 16:06:12 2017 http://google.com
DEBUG:root:Fri Sep 29 16:06:12 2017 http://google.com
DEBUG:root:Fri Sep 29 16:06:56 2017 http://google.com
DEBUG:root:Fri Sep 29 16:06:56 2017 http://google.com
DEBUG:root:Fri Sep 29 16:06:57 2017 http://ibm.com
DEBUG:root:Fri Sep 29 16:07:01 2017 http://google.com
DEBUG:root:Fri Sep 29 16:07:01 2017 http://google.com
DEBUG:root:Fri Sep 29 16:11:16 2017 http://google.com
DEBUG:root:Fri Sep 29 16:11:17 2017 http://google.com
DEBUG:root:Fri Sep 29 16:11:18 2017 http://ibm.com
DEBUG:root:Fri Sep 29 16:11:48 2017 http://google.com
DEBUG:root:Fri Sep 29 16:11:49 2017 http://google.com
DEBUG:root:Fri Sep 29 16:11:50 2017 http://ibm.com
DEBUG:root:Fri Sep 29 16:12:06 2017 http://google.com
DEBUG:root:Fri Sep 29 16:12:07 2017 http://google.com
DEBUG:root:Fri Sep 29 16:12:08 2017 http://ibm.com
DEBUG:root:Fri Sep 29 16:12:15 2017 http://google.com
DEBUG:root:Fri Sep 29 16:12:15 2017 http://google.com
DEBUG:root:Fri Sep 29 16:15:34 2017 http://google.com
DEBUG:root:Fri Sep 29 16:15:34 2017 http://google.com
DEBUG:root:Fri Sep 29 16:15:36 2017 http://ibm.com
DEBUG:root:Fri Sep 29 16:15:44 2017 http://google.com
DEBUG:root:Fri Sep 29 16:15:44 2017 http://google.com
DEBUG:root:Fri Sep 29 16:15:46 2017 http://ibm.com
DEBUG:root:Fri Sep 29 16:16:03 2017 http://google.com
DEBUG:root:Fri Sep 29 16:16:03 2017 http://google.com
DEBUG:root:Fri Sep 29 16:16:05 2017 http://ibm.com
DEBUG:root:Fri Sep 29 16:16:09 2017 http://google.com
DEBUG:root:Fri Sep 29 16:16:10 2017 http://google.com
DEBUG:root:Fri Sep 29 16:18:31 2017 http://google.com
DEBUG:root:Fri Sep 29 16:18:32 2017 http://google.com
DEBUG:root:Fri Sep 29 16:18:33 2017 http://ibm.com
DEBUG:root:Fri Sep 29 16:21:16 2017 https://www.daniweb.com/programming/software-development/code/492625/exploring-tkinter-s-scrolledtext-widget-python
